e:\zju\2021春夏\计算机图形学\大作业\cg_project-latest\cg_project\x64\release\cg_project.ipdb
e:\zju\2021春夏\计算机图形学\大作业\cg_project-latest\cg_project\x64\release\cg_project.iobj
e:\zju\2021春夏\计算机图形学\大作业\cg_project-latest\cg_project\cg_project\x64\release\vc141.pdb
e:\zju\2021春夏\计算机图形学\大作业\cg_project-latest\cg_project\cg_project\x64\release\main.obj
e:\zju\2021春夏\计算机图形学\大作业\cg_project-latest\cg_project\cg_project\x64\release\stb_image.obj
e:\zju\2021春夏\计算机图形学\大作业\cg_project-latest\cg_project\cg_project\x64\release\imgui_widgets.obj
e:\zju\2021春夏\计算机图形学\大作业\cg_project-latest\cg_project\cg_project\x64\release\imgui_tables.obj
e:\zju\2021春夏\计算机图形学\大作业\cg_project-latest\cg_project\cg_project\x64\release\imgui_impl_opengl3.obj
e:\zju\2021春夏\计算机图形学\大作业\cg_project-latest\cg_project\cg_project\x64\release\imgui_impl_glfw.obj
e:\zju\2021春夏\计算机图形学\大作业\cg_project-latest\cg_project\cg_project\x64\release\imgui_draw.obj
e:\zju\2021春夏\计算机图形学\大作业\cg_project-latest\cg_project\cg_project\x64\release\imgui_demo.obj
e:\zju\2021春夏\计算机图形学\大作业\cg_project-latest\cg_project\cg_project\x64\release\imgui.obj
e:\zju\2021春夏\计算机图形学\大作业\cg_project-latest\cg_project\cg_project\x64\release\texture.obj
e:\zju\2021春夏\计算机图形学\大作业\cg_project-latest\cg_project\cg_project\x64\release\skybox.obj
e:\zju\2021春夏\计算机图形学\大作业\cg_project-latest\cg_project\cg_project\x64\release\skeleton_model.obj
e:\zju\2021春夏\计算机图形学\大作业\cg_project-latest\cg_project\cg_project\x64\release\shader.obj
e:\zju\2021春夏\计算机图形学\大作业\cg_project-latest\cg_project\cg_project\x64\release\object3d.obj
e:\zju\2021春夏\计算机图形学\大作业\cg_project-latest\cg_project\cg_project\x64\release\model.obj
e:\zju\2021春夏\计算机图形学\大作业\cg_project-latest\cg_project\cg_project\x64\release\mesh.obj
e:\zju\2021春夏\计算机图形学\大作业\cg_project-latest\cg_project\cg_project\x64\release\light.obj
e:\zju\2021春夏\计算机图形学\大作业\cg_project-latest\cg_project\cg_project\x64\release\importexport.obj
e:\zju\2021春夏\计算机图形学\大作业\cg_project-latest\cg_project\cg_project\x64\release\camera.obj
e:\zju\2021春夏\计算机图形学\大作业\cg_project-latest\cg_project\cg_project\x64\release\application.obj
e:\zju\2021春夏\计算机图形学\大作业\cg_project-latest\cg_project\cg_project\x64\release\window.obj
e:\zju\2021春夏\计算机图形学\大作业\cg_project-latest\cg_project\cg_project\x64\release\user_interface.obj
e:\zju\2021春夏\计算机图形学\大作业\cg_project-latest\cg_project\cg_project\x64\release\my_obj_loader.obj
e:\zju\2021春夏\计算机图形学\大作业\cg_project-latest\cg_project\cg_project\x64\release\house_scene.obj
e:\zju\2021春夏\计算机图形学\大作业\cg_project-latest\cg_project\cg_project\x64\release\geometry.obj
e:\zju\2021春夏\计算机图形学\大作业\cg_project-latest\cg_project\cg_project\x64\release\basic_object.obj
e:\zju\2021春夏\计算机图形学\大作业\cg_project-latest\cg_project\cg_project\x64\release\glad.obj
e:\zju\2021春夏\计算机图形学\大作业\cg_project-latest\cg_project\x64\release\cg_project.exe
e:\zju\2021春夏\计算机图形学\大作业\cg_project-latest\cg_project\x64\release\cg_project.pdb
e:\zju\2021春夏\计算机图形学\大作业\cg_project-latest\cg_project\cg_project\x64\release\cg_project.res
e:\zju\2021春夏\计算机图形学\大作业\cg_project-latest\cg_project\cg_project\x64\release\cg_project.tlog\cg_project.write.1u.tlog
e:\zju\2021春夏\计算机图形学\大作业\cg_project-latest\cg_project\cg_project\x64\release\cg_project.tlog\cl.command.1.tlog
e:\zju\2021春夏\计算机图形学\大作业\cg_project-latest\cg_project\cg_project\x64\release\cg_project.tlog\cl.read.1.tlog
e:\zju\2021春夏\计算机图形学\大作业\cg_project-latest\cg_project\cg_project\x64\release\cg_project.tlog\cl.write.1.tlog
e:\zju\2021春夏\计算机图形学\大作业\cg_project-latest\cg_project\cg_project\x64\release\cg_project.tlog\link.command.1.tlog
e:\zju\2021春夏\计算机图形学\大作业\cg_project-latest\cg_project\cg_project\x64\release\cg_project.tlog\link.read.1.tlog
e:\zju\2021春夏\计算机图形学\大作业\cg_project-latest\cg_project\cg_project\x64\release\cg_project.tlog\link.write.1.tlog
e:\zju\2021春夏\计算机图形学\大作业\cg_project-latest\cg_project\cg_project\x64\release\cg_project.tlog\rc.command.1.tlog
e:\zju\2021春夏\计算机图形学\大作业\cg_project-latest\cg_project\cg_project\x64\release\cg_project.tlog\rc.read.1.tlog
e:\zju\2021春夏\计算机图形学\大作业\cg_project-latest\cg_project\cg_project\x64\release\cg_project.tlog\rc.write.1.tlog
